<?xml version="1.0" encoding="UTF-8"?>
<!-- Generated by org.testng.reporters.JUnitReportReporter -->
<testsuite hostname="tyss-ThinkCentre-M700z" failures="0" tests="1" name="com.testyantra.NewMavenProject.ScreenShot" time="50.394" errors="0" timestamp="20 Aug 2019 07:47:23 GMT" skipped="0">
  <testcase classname="com.testyantra.NewMavenProject.ScreenShot" name="TakeScreenShot" time="50.394"/>
</testsuite> <!-- com.testyantra.NewMavenProject.ScreenShot -->
