<?xml version="1.0" encoding="UTF-8"?>
<!-- Generated by org.testng.reporters.JUnitReportReporter -->
<testsuite hostname="tyss-ThinkCentre-M700z" failures="0" tests="1" name="com.testyantra.NewMavenProject.BlueStone" time="39.640" errors="0" timestamp="20 Aug 2019 10:54:08 GMT" skipped="0">
  <testcase classname="com.testyantra.NewMavenProject.BlueStone" name="TakeScreenShot" time="39.640"/>
</testsuite> <!-- com.testyantra.NewMavenProject.BlueStone -->
